<?xml version="1.0" encoding="UTF-8"?>
<!-- Generated by org.testng.reporters.JUnitXMLReporter -->
<testsuite ignored="0" hostname="Acer_asp_5" failures="0" tests="12" name="chromeTest" time="65.223" errors="0" timestamp="2026-02-03T22:16:37 IST">
  <testcase classname="tests.addRemoveFeature.AddRemoveTests" name="shoulAddMultipleElements" time="1.643"/>
  <testcase classname="tests.addRemoveFeature.AddRemoveTests" name="shouldAddOneElement" time="0.548"/>
  <testcase classname="tests.addRemoveFeature.AddRemoveTests" name="shouldRemoveAllElements" time="6.274"/>
  <testcase classname="tests.addRemoveFeature.AddRemoveTests" name="shouldRemoveOneAmongMany" time="0.75"/>
  <testcase classname="tests.addRemoveFeature.AddRemoveTests" name="shouldRemoveOneELement" time="0.522"/>
  <testcase classname="tests.checkBoxFeature.CheckBoxTests" name="areBothCheckboxesSelected" time="0.488"/>
  <testcase classname="tests.checkBoxFeature.CheckBoxTests" name="areBothCheckboxesUnchecked" time="0.619"/>
  <testcase classname="tests.checkBoxFeature.CheckBoxTests" name="checkDefaultState" time="0.421"/>
  <testcase classname="tests.checkBoxFeature.CheckBoxTests" name="doesREfreshKeepSanity" time="0.829"/>
  <testcase classname="tests.checkBoxFeature.CheckBoxTests" name="isCheckBox1Checked" time="0.489"/>
  <testcase classname="tests.checkBoxFeature.CheckBoxTests" name="isCheckBox1UncheckedAgain" time="0.595"/>
  <testcase classname="tests.checkBoxFeature.CheckBoxTests" name="isCheckBox2Unchecked" time="0.519"/>
</testsuite> <!-- chromeTest -->
