<?xml version="1.0" encoding="UTF-8"?>
<!-- Generated by org.testng.reporters.JUnitXMLReporter -->
<testsuite ignored="0" hostname="Acer_asp_5" failures="0" tests="2" name="chromeTest" time="12.561" errors="0" timestamp="2026-03-27T15:13:12 IST">
  <testcase classname="tests.fileDownloadFeature.FileDownloadTests" name="verifyFileDownloadByIndex" time="1.998"/>
  <testcase classname="tests.fileDownloadFeature.FileDownloadTests" name="verifyFileDownloadByName" time="1.724"/>
</testsuite> <!-- chromeTest -->
