<?xml version="1.0" encoding="UTF-8"?>
<testng-results ignored="0" total="2" passed="2" failed="0" skipped="0">
  <reporter-output>
  </reporter-output>
  <suite started-at="2026-03-27T15:12:59 IST" name="Automation tests" finished-at="2026-03-27T15:13:12 IST" duration-ms="12561">
    <groups>
    </groups>
    <test started-at="2026-03-27T15:12:59 IST" name="chromeTest" finished-at="2026-03-27T15:13:12 IST" duration-ms="12561">
      <class name="tests.fileDownloadFeature.FileDownloadTests">
        <test-method is-config="true" signature="setup(java.lang.String)[pri:0, instance:tests.fileDownloadFeature.FileDownloadTests@525575]" started-at="2026-03-27T15:12:59 IST" name="setup" finished-at="2026-03-27T15:13:03 IST" duration-ms="4346" status="PASS">
          <params>
            <param index="0">
              <value>
                <![CDATA[chrome]]>
              </value>
            </param>
          </params>
          <reporter-output>
          </reporter-output>
        </test-method> <!-- setup -->
        <test-method is-config="true" signature="init()[pri:0, instance:tests.fileDownloadFeature.FileDownloadTests@525575]" started-at="2026-03-27T15:13:03 IST" name="init" finished-at="2026-03-27T15:13:03 IST" duration-ms="3" status="PASS">
          <reporter-output>
          </reporter-output>
        </test-method> <!-- init -->
        <test-method signature="verifyFileDownloadByIndex()[pri:0, instance:tests.fileDownloadFeature.FileDownloadTests@525575]" started-at="2026-03-27T15:13:03 IST" name="verifyFileDownloadByIndex" description="Verify file download by index" finished-at="2026-03-27T15:13:05 IST" duration-ms="1998" status="PASS">
          <reporter-output>
          </reporter-output>
        </test-method> <!-- verifyFileDownloadByIndex -->
        <test-method is-config="true" signature="tearDown()[pri:0, instance:tests.fileDownloadFeature.FileDownloadTests@525575]" started-at="2026-03-27T15:13:05 IST" name="tearDown" finished-at="2026-03-27T15:13:06 IST" duration-ms="185" status="PASS">
          <reporter-output>
          </reporter-output>
        </test-method> <!-- tearDown -->
        <test-method is-config="true" signature="setup(java.lang.String)[pri:0, instance:tests.fileDownloadFeature.FileDownloadTests@525575]" started-at="2026-03-27T15:13:06 IST" name="setup" finished-at="2026-03-27T15:13:10 IST" duration-ms="4128" status="PASS">
          <params>
            <param index="0">
              <value>
                <![CDATA[chrome]]>
              </value>
            </param>
          </params>
          <reporter-output>
          </reporter-output>
        </test-method> <!-- setup -->
        <test-method signature="verifyFileDownloadByName()[pri:0, instance:tests.fileDownloadFeature.FileDownloadTests@525575]" started-at="2026-03-27T15:13:10 IST" name="verifyFileDownloadByName" description="Verify file download by name" finished-at="2026-03-27T15:13:11 IST" duration-ms="1724" status="PASS">
          <reporter-output>
          </reporter-output>
        </test-method> <!-- verifyFileDownloadByName -->
        <test-method is-config="true" signature="init()[pri:0, instance:tests.fileDownloadFeature.FileDownloadTests@525575]" started-at="2026-03-27T15:13:10 IST" name="init" finished-at="2026-03-27T15:13:10 IST" duration-ms="0" status="PASS">
          <reporter-output>
          </reporter-output>
        </test-method> <!-- init -->
        <test-method is-config="true" signature="tearDown()[pri:0, instance:tests.fileDownloadFeature.FileDownloadTests@525575]" started-at="2026-03-27T15:13:11 IST" name="tearDown" finished-at="2026-03-27T15:13:12 IST" duration-ms="140" status="PASS">
          <reporter-output>
          </reporter-output>
        </test-method> <!-- tearDown -->
      </class> <!-- tests.fileDownloadFeature.FileDownloadTests -->
    </test> <!-- chromeTest -->
  </suite> <!-- Automation tests -->
</testng-results>
