<?xml version="1.0" encoding="UTF-8"?>
<testng-results ignored="0" total="12" passed="12" failed="0" skipped="0">
  <reporter-output>
  </reporter-output>
  <suite started-at="2026-02-03T22:15:31 IST" name="Automation tests" finished-at="2026-02-03T22:16:37 IST" duration-ms="65223">
    <groups>
    </groups>
    <test started-at="2026-02-03T22:15:31 IST" name="chromeTest" finished-at="2026-02-03T22:16:37 IST" duration-ms="65223">
      <class name="tests.addRemoveFeature.AddRemoveTests">
        <test-method is-config="true" signature="setup(java.lang.String)[pri:0, instance:tests.addRemoveFeature.AddRemoveTests@134d26af]" started-at="2026-02-03T22:15:31 IST" name="setup" finished-at="2026-02-03T22:15:36 IST" duration-ms="4701" status="PASS">
          <params>
            <param index="0">
              <value>
                <![CDATA[chrome]]>
              </value>
            </param>
          </params>
          <reporter-output>
          </reporter-output>
        </test-method> <!-- setup -->
        <test-method is-config="true" signature="initPages()[pri:0, instance:tests.addRemoveFeature.AddRemoveTests@134d26af]" started-at="2026-02-03T22:15:36 IST" name="initPages" finished-at="2026-02-03T22:15:36 IST" duration-ms="2" status="PASS">
          <reporter-output>
          </reporter-output>
        </test-method> <!-- initPages -->
        <test-method signature="shoulAddMultipleElements()[pri:0, instance:tests.addRemoveFeature.AddRemoveTests@134d26af]" started-at="2026-02-03T22:15:36 IST" name="shoulAddMultipleElements" finished-at="2026-02-03T22:15:38 IST" duration-ms="1643" status="PASS">
          <reporter-output>
          </reporter-output>
        </test-method> <!-- shoulAddMultipleElements -->
        <test-method is-config="true" signature="tearDown()[pri:0, instance:tests.addRemoveFeature.AddRemoveTests@134d26af]" started-at="2026-02-03T22:15:38 IST" name="tearDown" finished-at="2026-02-03T22:15:38 IST" duration-ms="138" status="PASS">
          <reporter-output>
          </reporter-output>
        </test-method> <!-- tearDown -->
        <test-method is-config="true" signature="setup(java.lang.String)[pri:0, instance:tests.addRemoveFeature.AddRemoveTests@134d26af]" started-at="2026-02-03T22:15:38 IST" name="setup" finished-at="2026-02-03T22:15:42 IST" duration-ms="3743" status="PASS">
          <params>
            <param index="0">
              <value>
                <![CDATA[chrome]]>
              </value>
            </param>
          </params>
          <reporter-output>
          </reporter-output>
        </test-method> <!-- setup -->
        <test-method is-config="true" signature="initPages()[pri:0, instance:tests.addRemoveFeature.AddRemoveTests@134d26af]" started-at="2026-02-03T22:15:42 IST" name="initPages" finished-at="2026-02-03T22:15:42 IST" duration-ms="0" status="PASS">
          <reporter-output>
          </reporter-output>
        </test-method> <!-- initPages -->
        <test-method signature="shouldAddOneElement()[pri:0, instance:tests.addRemoveFeature.AddRemoveTests@134d26af]" started-at="2026-02-03T22:15:42 IST" name="shouldAddOneElement" finished-at="2026-02-03T22:15:42 IST" duration-ms="548" status="PASS">
          <reporter-output>
          </reporter-output>
        </test-method> <!-- shouldAddOneElement -->
        <test-method is-config="true" signature="tearDown()[pri:0, instance:tests.addRemoveFeature.AddRemoveTests@134d26af]" started-at="2026-02-03T22:15:42 IST" name="tearDown" finished-at="2026-02-03T22:15:42 IST" duration-ms="137" status="PASS">
          <reporter-output>
          </reporter-output>
        </test-method> <!-- tearDown -->
        <test-method is-config="true" signature="setup(java.lang.String)[pri:0, instance:tests.addRemoveFeature.AddRemoveTests@134d26af]" started-at="2026-02-03T22:15:42 IST" name="setup" finished-at="2026-02-03T22:15:46 IST" duration-ms="3641" status="PASS">
          <params>
            <param index="0">
              <value>
                <![CDATA[chrome]]>
              </value>
            </param>
          </params>
          <reporter-output>
          </reporter-output>
        </test-method> <!-- setup -->
        <test-method is-config="true" signature="initPages()[pri:0, instance:tests.addRemoveFeature.AddRemoveTests@134d26af]" started-at="2026-02-03T22:15:46 IST" name="initPages" finished-at="2026-02-03T22:15:46 IST" duration-ms="1" status="PASS">
          <reporter-output>
          </reporter-output>
        </test-method> <!-- initPages -->
        <test-method signature="shouldRemoveAllElements()[pri:0, instance:tests.addRemoveFeature.AddRemoveTests@134d26af]" started-at="2026-02-03T22:15:46 IST" name="shouldRemoveAllElements" finished-at="2026-02-03T22:15:52 IST" duration-ms="6274" status="PASS">
          <reporter-output>
          </reporter-output>
        </test-method> <!-- shouldRemoveAllElements -->
        <test-method is-config="true" signature="tearDown()[pri:0, instance:tests.addRemoveFeature.AddRemoveTests@134d26af]" started-at="2026-02-03T22:15:52 IST" name="tearDown" finished-at="2026-02-03T22:15:52 IST" duration-ms="142" status="PASS">
          <reporter-output>
          </reporter-output>
        </test-method> <!-- tearDown -->
        <test-method is-config="true" signature="setup(java.lang.String)[pri:0, instance:tests.addRemoveFeature.AddRemoveTests@134d26af]" started-at="2026-02-03T22:15:52 IST" name="setup" finished-at="2026-02-03T22:15:56 IST" duration-ms="3907" status="PASS">
          <params>
            <param index="0">
              <value>
                <![CDATA[chrome]]>
              </value>
            </param>
          </params>
          <reporter-output>
          </reporter-output>
        </test-method> <!-- setup -->
        <test-method signature="shouldRemoveOneAmongMany()[pri:0, instance:tests.addRemoveFeature.AddRemoveTests@134d26af]" started-at="2026-02-03T22:15:56 IST" name="shouldRemoveOneAmongMany" finished-at="2026-02-03T22:15:57 IST" duration-ms="750" status="PASS">
          <reporter-output>
          </reporter-output>
        </test-method> <!-- shouldRemoveOneAmongMany -->
        <test-method is-config="true" signature="initPages()[pri:0, instance:tests.addRemoveFeature.AddRemoveTests@134d26af]" started-at="2026-02-03T22:15:56 IST" name="initPages" finished-at="2026-02-03T22:15:56 IST" duration-ms="0" status="PASS">
          <reporter-output>
          </reporter-output>
        </test-method> <!-- initPages -->
        <test-method is-config="true" signature="tearDown()[pri:0, instance:tests.addRemoveFeature.AddRemoveTests@134d26af]" started-at="2026-02-03T22:15:57 IST" name="tearDown" finished-at="2026-02-03T22:15:57 IST" duration-ms="133" status="PASS">
          <reporter-output>
          </reporter-output>
        </test-method> <!-- tearDown -->
        <test-method is-config="true" signature="setup(java.lang.String)[pri:0, instance:tests.addRemoveFeature.AddRemoveTests@134d26af]" started-at="2026-02-03T22:15:57 IST" name="setup" finished-at="2026-02-03T22:16:01 IST" duration-ms="3617" status="PASS">
          <params>
            <param index="0">
              <value>
                <![CDATA[chrome]]>
              </value>
            </param>
          </params>
          <reporter-output>
          </reporter-output>
        </test-method> <!-- setup -->
        <test-method signature="shouldRemoveOneELement()[pri:0, instance:tests.addRemoveFeature.AddRemoveTests@134d26af]" started-at="2026-02-03T22:16:01 IST" name="shouldRemoveOneELement" finished-at="2026-02-03T22:16:01 IST" duration-ms="522" status="PASS">
          <reporter-output>
          </reporter-output>
        </test-method> <!-- shouldRemoveOneELement -->
        <test-method is-config="true" signature="initPages()[pri:0, instance:tests.addRemoveFeature.AddRemoveTests@134d26af]" started-at="2026-02-03T22:16:01 IST" name="initPages" finished-at="2026-02-03T22:16:01 IST" duration-ms="0" status="PASS">
          <reporter-output>
          </reporter-output>
        </test-method> <!-- initPages -->
        <test-method is-config="true" signature="tearDown()[pri:0, instance:tests.addRemoveFeature.AddRemoveTests@134d26af]" started-at="2026-02-03T22:16:01 IST" name="tearDown" finished-at="2026-02-03T22:16:02 IST" duration-ms="127" status="PASS">
          <reporter-output>
          </reporter-output>
        </test-method> <!-- tearDown -->
      </class> <!-- tests.addRemoveFeature.AddRemoveTests -->
      <class name="tests.checkBoxFeature.CheckBoxTests">
        <test-method is-config="true" signature="setup(java.lang.String)[pri:0, instance:tests.checkBoxFeature.CheckBoxTests@635572a7]" started-at="2026-02-03T22:16:02 IST" name="setup" finished-at="2026-02-03T22:16:05 IST" duration-ms="3765" status="PASS">
          <params>
            <param index="0">
              <value>
                <![CDATA[chrome]]>
              </value>
            </param>
          </params>
          <reporter-output>
          </reporter-output>
        </test-method> <!-- setup -->
        <test-method is-config="true" signature="initPages()[pri:0, instance:tests.checkBoxFeature.CheckBoxTests@635572a7]" started-at="2026-02-03T22:16:05 IST" name="initPages" finished-at="2026-02-03T22:16:05 IST" duration-ms="1" status="PASS">
          <reporter-output>
          </reporter-output>
        </test-method> <!-- initPages -->
        <test-method signature="areBothCheckboxesSelected()[pri:0, instance:tests.checkBoxFeature.CheckBoxTests@635572a7]" started-at="2026-02-03T22:16:05 IST" name="areBothCheckboxesSelected" finished-at="2026-02-03T22:16:06 IST" duration-ms="488" status="PASS">
          <reporter-output>
          </reporter-output>
        </test-method> <!-- areBothCheckboxesSelected -->
        <test-method is-config="true" signature="tearDown()[pri:0, instance:tests.checkBoxFeature.CheckBoxTests@635572a7]" started-at="2026-02-03T22:16:06 IST" name="tearDown" finished-at="2026-02-03T22:16:06 IST" duration-ms="138" status="PASS">
          <reporter-output>
          </reporter-output>
        </test-method> <!-- tearDown -->
        <test-method is-config="true" signature="setup(java.lang.String)[pri:0, instance:tests.checkBoxFeature.CheckBoxTests@635572a7]" started-at="2026-02-03T22:16:06 IST" name="setup" finished-at="2026-02-03T22:16:10 IST" duration-ms="3729" status="PASS">
          <params>
            <param index="0">
              <value>
                <![CDATA[chrome]]>
              </value>
            </param>
          </params>
          <reporter-output>
          </reporter-output>
        </test-method> <!-- setup -->
        <test-method signature="areBothCheckboxesUnchecked()[pri:0, instance:tests.checkBoxFeature.CheckBoxTests@635572a7]" started-at="2026-02-03T22:16:10 IST" name="areBothCheckboxesUnchecked" finished-at="2026-02-03T22:16:10 IST" duration-ms="619" status="PASS">
          <reporter-output>
          </reporter-output>
        </test-method> <!-- areBothCheckboxesUnchecked -->
        <test-method is-config="true" signature="initPages()[pri:0, instance:tests.checkBoxFeature.CheckBoxTests@635572a7]" started-at="2026-02-03T22:16:10 IST" name="initPages" finished-at="2026-02-03T22:16:10 IST" duration-ms="0" status="PASS">
          <reporter-output>
          </reporter-output>
        </test-method> <!-- initPages -->
        <test-method is-config="true" signature="tearDown()[pri:0, instance:tests.checkBoxFeature.CheckBoxTests@635572a7]" started-at="2026-02-03T22:16:10 IST" name="tearDown" finished-at="2026-02-03T22:16:10 IST" duration-ms="139" status="PASS">
          <reporter-output>
          </reporter-output>
        </test-method> <!-- tearDown -->
        <test-method is-config="true" signature="setup(java.lang.String)[pri:0, instance:tests.checkBoxFeature.CheckBoxTests@635572a7]" started-at="2026-02-03T22:16:10 IST" name="setup" finished-at="2026-02-03T22:16:15 IST" duration-ms="4186" status="PASS">
          <params>
            <param index="0">
              <value>
                <![CDATA[chrome]]>
              </value>
            </param>
          </params>
          <reporter-output>
          </reporter-output>
        </test-method> <!-- setup -->
        <test-method is-config="true" signature="initPages()[pri:0, instance:tests.checkBoxFeature.CheckBoxTests@635572a7]" started-at="2026-02-03T22:16:15 IST" name="initPages" finished-at="2026-02-03T22:16:15 IST" duration-ms="1" status="PASS">
          <reporter-output>
          </reporter-output>
        </test-method> <!-- initPages -->
        <test-method signature="checkDefaultState()[pri:0, instance:tests.checkBoxFeature.CheckBoxTests@635572a7]" started-at="2026-02-03T22:16:15 IST" name="checkDefaultState" finished-at="2026-02-03T22:16:15 IST" duration-ms="421" status="PASS">
          <reporter-output>
          </reporter-output>
        </test-method> <!-- checkDefaultState -->
        <test-method is-config="true" signature="tearDown()[pri:0, instance:tests.checkBoxFeature.CheckBoxTests@635572a7]" started-at="2026-02-03T22:16:15 IST" name="tearDown" finished-at="2026-02-03T22:16:15 IST" duration-ms="118" status="PASS">
          <reporter-output>
          </reporter-output>
        </test-method> <!-- tearDown -->
        <test-method is-config="true" signature="setup(java.lang.String)[pri:0, instance:tests.checkBoxFeature.CheckBoxTests@635572a7]" started-at="2026-02-03T22:16:15 IST" name="setup" finished-at="2026-02-03T22:16:19 IST" duration-ms="3748" status="PASS">
          <params>
            <param index="0">
              <value>
                <![CDATA[chrome]]>
              </value>
            </param>
          </params>
          <reporter-output>
          </reporter-output>
        </test-method> <!-- setup -->
        <test-method is-config="true" signature="initPages()[pri:0, instance:tests.checkBoxFeature.CheckBoxTests@635572a7]" started-at="2026-02-03T22:16:19 IST" name="initPages" finished-at="2026-02-03T22:16:19 IST" duration-ms="1" status="PASS">
          <reporter-output>
          </reporter-output>
        </test-method> <!-- initPages -->
        <test-method signature="doesREfreshKeepSanity()[pri:0, instance:tests.checkBoxFeature.CheckBoxTests@635572a7]" started-at="2026-02-03T22:16:19 IST" name="doesREfreshKeepSanity" finished-at="2026-02-03T22:16:20 IST" duration-ms="829" status="PASS">
          <reporter-output>
          </reporter-output>
        </test-method> <!-- doesREfreshKeepSanity -->
        <test-method is-config="true" signature="tearDown()[pri:0, instance:tests.checkBoxFeature.CheckBoxTests@635572a7]" started-at="2026-02-03T22:16:20 IST" name="tearDown" finished-at="2026-02-03T22:16:20 IST" duration-ms="142" status="PASS">
          <reporter-output>
          </reporter-output>
        </test-method> <!-- tearDown -->
        <test-method is-config="true" signature="setup(java.lang.String)[pri:0, instance:tests.checkBoxFeature.CheckBoxTests@635572a7]" started-at="2026-02-03T22:16:20 IST" name="setup" finished-at="2026-02-03T22:16:24 IST" duration-ms="3738" status="PASS">
          <params>
            <param index="0">
              <value>
                <![CDATA[chrome]]>
              </value>
            </param>
          </params>
          <reporter-output>
          </reporter-output>
        </test-method> <!-- setup -->
        <test-method signature="isCheckBox1Checked()[pri:0, instance:tests.checkBoxFeature.CheckBoxTests@635572a7]" started-at="2026-02-03T22:16:24 IST" name="isCheckBox1Checked" finished-at="2026-02-03T22:16:24 IST" duration-ms="489" status="PASS">
          <reporter-output>
          </reporter-output>
        </test-method> <!-- isCheckBox1Checked -->
        <test-method is-config="true" signature="initPages()[pri:0, instance:tests.checkBoxFeature.CheckBoxTests@635572a7]" started-at="2026-02-03T22:16:24 IST" name="initPages" finished-at="2026-02-03T22:16:24 IST" duration-ms="0" status="PASS">
          <reporter-output>
          </reporter-output>
        </test-method> <!-- initPages -->
        <test-method is-config="true" signature="tearDown()[pri:0, instance:tests.checkBoxFeature.CheckBoxTests@635572a7]" started-at="2026-02-03T22:16:24 IST" name="tearDown" finished-at="2026-02-03T22:16:24 IST" duration-ms="149" status="PASS">
          <reporter-output>
          </reporter-output>
        </test-method> <!-- tearDown -->
        <test-method is-config="true" signature="setup(java.lang.String)[pri:0, instance:tests.checkBoxFeature.CheckBoxTests@635572a7]" started-at="2026-02-03T22:16:24 IST" name="setup" finished-at="2026-02-03T22:16:32 IST" duration-ms="7327" status="PASS">
          <params>
            <param index="0">
              <value>
                <![CDATA[chrome]]>
              </value>
            </param>
          </params>
          <reporter-output>
          </reporter-output>
        </test-method> <!-- setup -->
        <test-method signature="isCheckBox1UncheckedAgain()[pri:0, instance:tests.checkBoxFeature.CheckBoxTests@635572a7]" started-at="2026-02-03T22:16:32 IST" name="isCheckBox1UncheckedAgain" finished-at="2026-02-03T22:16:32 IST" duration-ms="595" status="PASS">
          <reporter-output>
          </reporter-output>
        </test-method> <!-- isCheckBox1UncheckedAgain -->
        <test-method is-config="true" signature="initPages()[pri:0, instance:tests.checkBoxFeature.CheckBoxTests@635572a7]" started-at="2026-02-03T22:16:32 IST" name="initPages" finished-at="2026-02-03T22:16:32 IST" duration-ms="0" status="PASS">
          <reporter-output>
          </reporter-output>
        </test-method> <!-- initPages -->
        <test-method is-config="true" signature="tearDown()[pri:0, instance:tests.checkBoxFeature.CheckBoxTests@635572a7]" started-at="2026-02-03T22:16:32 IST" name="tearDown" finished-at="2026-02-03T22:16:32 IST" duration-ms="170" status="PASS">
          <reporter-output>
          </reporter-output>
        </test-method> <!-- tearDown -->
        <test-method is-config="true" signature="setup(java.lang.String)[pri:0, instance:tests.checkBoxFeature.CheckBoxTests@635572a7]" started-at="2026-02-03T22:16:32 IST" name="setup" finished-at="2026-02-03T22:16:36 IST" duration-ms="3688" status="PASS">
          <params>
            <param index="0">
              <value>
                <![CDATA[chrome]]>
              </value>
            </param>
          </params>
          <reporter-output>
          </reporter-output>
        </test-method> <!-- setup -->
        <test-method signature="isCheckBox2Unchecked()[pri:0, instance:tests.checkBoxFeature.CheckBoxTests@635572a7]" started-at="2026-02-03T22:16:36 IST" name="isCheckBox2Unchecked" finished-at="2026-02-03T22:16:37 IST" duration-ms="519" status="PASS">
          <reporter-output>
          </reporter-output>
        </test-method> <!-- isCheckBox2Unchecked -->
        <test-method is-config="true" signature="initPages()[pri:0, instance:tests.checkBoxFeature.CheckBoxTests@635572a7]" started-at="2026-02-03T22:16:36 IST" name="initPages" finished-at="2026-02-03T22:16:36 IST" duration-ms="0" status="PASS">
          <reporter-output>
          </reporter-output>
        </test-method> <!-- initPages -->
        <test-method is-config="true" signature="tearDown()[pri:0, instance:tests.checkBoxFeature.CheckBoxTests@635572a7]" started-at="2026-02-03T22:16:37 IST" name="tearDown" finished-at="2026-02-03T22:16:37 IST" duration-ms="132" status="PASS">
          <reporter-output>
          </reporter-output>
        </test-method> <!-- tearDown -->
      </class> <!-- tests.checkBoxFeature.CheckBoxTests -->
    </test> <!-- chromeTest -->
  </suite> <!-- Automation tests -->
</testng-results>
