<?xml version="1.0" encoding="UTF-8"?>
<!-- Generated by org.testng.reporters.JUnitReportReporter -->
<testsuite hostname="Acer_asp_5" failures="0" tests="7" name="tests.checkBoxFeature.CheckBoxTests" time="35.132" errors="0" timestamp="2026-02-03T22:16:37 IST" skipped="0">
  <testcase classname="tests.checkBoxFeature.CheckBoxTests" name="checkDefaultState" time="4.739"/>
  <testcase classname="tests.checkBoxFeature.CheckBoxTests" name="doesREfreshKeepSanity" time="4.687"/>
  <testcase classname="tests.checkBoxFeature.CheckBoxTests" name="areBothCheckboxesSelected" time="4.393"/>
  <testcase classname="tests.checkBoxFeature.CheckBoxTests" name="isCheckBox2Unchecked" time="4.390"/>
  <testcase classname="tests.checkBoxFeature.CheckBoxTests" name="isCheckBox1UncheckedAgain" time="8.040"/>
  <testcase classname="tests.checkBoxFeature.CheckBoxTests" name="isCheckBox1Checked" time="4.387"/>
  <testcase classname="tests.checkBoxFeature.CheckBoxTests" name="areBothCheckboxesUnchecked" time="4.496"/>
</testsuite> <!-- tests.checkBoxFeature.CheckBoxTests -->
