<?xml version="1.0" encoding="UTF-8"?>
<!-- Generated by org.testng.reporters.JUnitReportReporter -->
<testsuite hostname="Acer_asp_5" failures="0" tests="2" name="tests.fileDownloadFeature.FileDownloadTests" time="12.524" errors="0" timestamp="2026-03-27T15:13:12 IST" skipped="0">
  <testcase classname="tests.fileDownloadFeature.FileDownloadTests" name="verifyFileDownloadByName" time="6.040"/>
  <testcase classname="tests.fileDownloadFeature.FileDownloadTests" name="verifyFileDownloadByIndex" time="6.484"/>
</testsuite> <!-- tests.fileDownloadFeature.FileDownloadTests -->
