<?xml version="1.0" encoding="UTF-8"?>
<!-- Generated by org.testng.reporters.JUnitReportReporter -->
<testsuite hostname="Acer_asp_5" failures="0" tests="3" name="tests.fileUploadFeature.FileUploadTests" time="36.940" errors="0" timestamp="2026-03-27T14:24:53 IST" skipped="1">
  <testcase classname="tests.fileUploadFeature.FileUploadTests" name="verifyUploadedFileName" time="19.073"/>
  <testcase classname="tests.fileUploadFeature.FileUploadTests" name="verifySingleFileUpload" time="17.867"/>
  <testcase classname="tests.fileUploadFeature.FileUploadTests" name="verifyFileUploadUsingJS">
    <skipped/>
  </testcase> <!-- verifyFileUploadUsingJS -->
</testsuite> <!-- tests.fileUploadFeature.FileUploadTests -->
