<?xml version="1.0" encoding="UTF-8"?>
<!-- Generated by org.testng.reporters.JUnitReportReporter -->
<testsuite hostname="Acer_asp_5" failures="0" tests="5" name="tests.addRemoveFeature.AddRemoveTests" time="30.026" errors="0" timestamp="2026-02-03T22:16:37 IST" skipped="0">
  <testcase classname="tests.addRemoveFeature.AddRemoveTests" name="shoulAddMultipleElements" time="5.685"/>
  <testcase classname="tests.addRemoveFeature.AddRemoveTests" name="shouldAddOneElement" time="4.316"/>
  <testcase classname="tests.addRemoveFeature.AddRemoveTests" name="shouldRemoveOneAmongMany" time="4.504"/>
  <testcase classname="tests.addRemoveFeature.AddRemoveTests" name="shouldRemoveAllElements" time="11.113"/>
  <testcase classname="tests.addRemoveFeature.AddRemoveTests" name="shouldRemoveOneELement" time="4.408"/>
</testsuite> <!-- tests.addRemoveFeature.AddRemoveTests -->
