<?xml version="1.0" encoding="UTF-8"?>
<!-- Generated by org.testng.reporters.JUnitReportReporter -->
<testsuite hostname="Acer_asp_5" failures="0" tests="3" name="tests.shadowDomFeature.ShadowDomTests" time="24.737" errors="0" timestamp="2026-03-27T14:22:53 IST" skipped="0">
  <testcase classname="tests.shadowDomFeature.ShadowDomTests" name="verifyParagraphIsDisplayed" time="5.977"/>
  <testcase classname="tests.shadowDomFeature.ShadowDomTests" name="verifyParagraphBackgroundColor" time="5.741"/>
  <testcase classname="tests.shadowDomFeature.ShadowDomTests" name="verifyParagraphTextColor" time="13.019"/>
</testsuite> <!-- tests.shadowDomFeature.ShadowDomTests -->
