<?xml version="1.0" encoding="UTF-8"?>
<!-- Generated by org.testng.reporters.JUnitReportReporter -->
<testsuite hostname="Acer_asp_5" failures="0" tests="7" name="tests.checkBoxFeature.CheckBoxTests" time="106.945" errors="0" timestamp="2026-02-24T11:22:45 IST" skipped="0">
  <testcase classname="tests.checkBoxFeature.CheckBoxTests" name="areBothCheckboxesSelected" time="13.335"/>
  <testcase classname="tests.checkBoxFeature.CheckBoxTests" name="checkDefaultState" time="13.355"/>
  <testcase classname="tests.checkBoxFeature.CheckBoxTests" name="isCheckBox1UncheckedAgain" time="13.241"/>
  <testcase classname="tests.checkBoxFeature.CheckBoxTests" name="areBothCheckboxesUnchecked" time="18.945"/>
  <testcase classname="tests.checkBoxFeature.CheckBoxTests" name="isCheckBox2Unchecked" time="19.193"/>
  <testcase classname="tests.checkBoxFeature.CheckBoxTests" name="doesREfreshKeepSanity" time="12.372"/>
  <testcase classname="tests.checkBoxFeature.CheckBoxTests" name="isCheckBox1Checked" time="16.504"/>
</testsuite> <!-- tests.checkBoxFeature.CheckBoxTests -->
