<?xml version="1.0" encoding="UTF-8"?>
<!-- Generated by org.testng.reporters.JUnitReportReporter -->
<testsuite hostname="Acer_asp_5" failures="0" tests="5" name="tests.addRemoveFeature.AddRemoveTests" time="115.835" errors="0" timestamp="2026-02-24T11:22:45 IST" skipped="0">
  <testcase classname="tests.addRemoveFeature.AddRemoveTests" name="shouldAddOneElement" time="14.637"/>
  <testcase classname="tests.addRemoveFeature.AddRemoveTests" name="shouldRemoveOneELement" time="20.083"/>
  <testcase classname="tests.addRemoveFeature.AddRemoveTests" name="shouldRemoveAllElements" time="46.957"/>
  <testcase classname="tests.addRemoveFeature.AddRemoveTests" name="shouldRemoveOneAmongMany" time="9.395"/>
  <testcase classname="tests.addRemoveFeature.AddRemoveTests" name="shoulAddMultipleElements" time="24.763"/>
</testsuite> <!-- tests.addRemoveFeature.AddRemoveTests -->
