<?xml version="1.0" encoding="UTF-8"?>
<!-- Generated by org.testng.reporters.JUnitXMLReporter -->
<testsuite ignored="0" hostname="Acer_asp_5" failures="0" tests="12" name="chromeTest" time="222.894" errors="0" timestamp="2026-02-24T11:22:45 IST">
  <testcase classname="tests.addRemoveFeature.AddRemoveTests" name="shoulAddMultipleElements" time="2.982"/>
  <testcase classname="tests.addRemoveFeature.AddRemoveTests" name="shouldAddOneElement" time="1.495"/>
  <testcase classname="tests.addRemoveFeature.AddRemoveTests" name="shouldRemoveAllElements" time="31.346"/>
  <testcase classname="tests.addRemoveFeature.AddRemoveTests" name="shouldRemoveOneAmongMany" time="2.938"/>
  <testcase classname="tests.addRemoveFeature.AddRemoveTests" name="shouldRemoveOneELement" time="1.862"/>
  <testcase classname="tests.checkBoxFeature.CheckBoxTests" name="areBothCheckboxesSelected" time="1.426"/>
  <testcase classname="tests.checkBoxFeature.CheckBoxTests" name="areBothCheckboxesUnchecked" time="1.697"/>
  <testcase classname="tests.checkBoxFeature.CheckBoxTests" name="checkDefaultState" time="0.972"/>
  <testcase classname="tests.checkBoxFeature.CheckBoxTests" name="doesREfreshKeepSanity" time="1.714"/>
  <testcase classname="tests.checkBoxFeature.CheckBoxTests" name="isCheckBox1Checked" time="1.639"/>
  <testcase classname="tests.checkBoxFeature.CheckBoxTests" name="isCheckBox1UncheckedAgain" time="1.913"/>
  <testcase classname="tests.checkBoxFeature.CheckBoxTests" name="isCheckBox2Unchecked" time="1.391"/>
</testsuite> <!-- chromeTest -->
